level info: Sep-09-2023 23:06:42 	Server Started on http://localhost:8000
level info: Sep-09-2023 23:06:42 	mongoDb connected
level info: Sep-09-2023 23:09:15 	Server Started on http://localhost:8000
level info: Sep-09-2023 23:09:15 	mongoDb connected
level info: Sep-09-2023 23:23:32 	Server Started on http://localhost:8000
level info: Sep-09-2023 23:23:32 	mongoDb connected
level info: Mar-05-2025 17:18:46 	Server Started on http://localhost:8000
level info: Mar-05-2025 17:18:46 	mongoDb connected
level info: Mar-05-2025 18:20:11 	Server Started on http://localhost:8001
level info: Mar-05-2025 18:20:11 	mongoDb connected
level info: Mar-05-2025 19:43:18 	Server Started on http://localhost:8001
level info: Mar-05-2025 19:43:18 	mongoDb connected
level info: Mar-09-2025 18:44:13 	mongoDb connected
level info: Mar-10-2025 09:39:03 	mongoDb connected
level info: Mar-11-2025 18:35:36 	mongoDb connected
level info: Mar-18-2025 13:18:48 	Server Started on http://localhost:8001
level info: Mar-18-2025 13:18:48 	mongoDb connected
level info: Mar-18-2025 13:19:18 	Server Started on http://localhost:8001
level info: Mar-18-2025 13:19:18 	mongoDb connected
level info: Mar-18-2025 13:38:22 	Server Started on http://localhost:8001
level info: Mar-18-2025 13:38:22 	mongoDb connected
level info: Mar-18-2025 13:54:31 	Server Started on http://localhost:8001
level info: Mar-18-2025 13:54:31 	mongoDb connected
level info: Mar-18-2025 14:15:27 	Server Started on http://localhost:8001
level info: Mar-18-2025 14:15:27 	mongoDb connected
level info: Mar-18-2025 14:15:48 	Server Started on http://localhost:8001
level info: Mar-18-2025 14:15:48 	mongoDb connected
level info: Mar-18-2025 14:19:52 	Server Started on http://localhost:8001
level info: Mar-18-2025 14:19:52 	mongoDb connected
level info: Mar-18-2025 14:20:57 	Server Started on http://localhost:8001
level info: Mar-18-2025 14:20:57 	mongoDb connected
level info: Mar-18-2025 14:21:46 	Server Started on http://localhost:8001
level info: Mar-18-2025 14:21:46 	mongoDb connected
level info: Mar-18-2025 15:19:41 	Server Started on http://localhost:8001
level info: Mar-18-2025 15:19:41 	mongoDb connected
level info: Mar-18-2025 15:19:50 	Server Started on http://localhost:8001
level info: Mar-18-2025 15:19:50 	mongoDb connected
level info: Mar-18-2025 15:20:48 	Server Started on http://localhost:8001
level info: Mar-18-2025 15:20:48 	mongoDb connected
level info: Mar-18-2025 15:39:38 	Server Started on http://localhost:8001
level info: Mar-18-2025 15:39:38 	mongoDb connected
level info: Mar-18-2025 15:45:06 	Server Started on http://localhost:8001
level info: Mar-18-2025 15:45:06 	mongoDb connected
level info: Mar-18-2025 15:45:44 	Server Started on http://localhost:8001
level info: Mar-18-2025 15:45:44 	mongoDb connected
level info: Mar-18-2025 15:52:12 	Server Started on http://localhost:8001
level info: Mar-18-2025 15:52:12 	mongoDb connected
level info: Mar-18-2025 17:21:24 	Server Started on http://localhost:8001
level info: Mar-18-2025 17:21:24 	mongoDb connected
level info: Mar-18-2025 17:23:29 	Server Started on http://localhost:8001
level info: Mar-18-2025 17:23:29 	mongoDb connected
level info: Mar-18-2025 17:27:45 	Server Started on http://localhost:8001
level info: Mar-18-2025 17:27:45 	mongoDb connected
level info: Mar-19-2025 11:49:14 	Server Started on http://localhost:8001
level info: Mar-19-2025 11:49:14 	mongoDb connected
level info: Mar-19-2025 11:49:21 	Server Started on http://localhost:8001
level info: Mar-19-2025 11:49:21 	mongoDb connected
level info: Mar-19-2025 11:49:38 	Server Started on http://localhost:8001
level info: Mar-19-2025 11:49:38 	mongoDb connected
level info: Mar-19-2025 11:49:44 	Server Started on http://localhost:8001
level info: Mar-19-2025 11:49:44 	mongoDb connected
level info: Mar-19-2025 11:50:01 	Server Started on http://localhost:8001
level info: Mar-19-2025 11:50:01 	mongoDb connected
level info: Mar-19-2025 11:50:17 	Server Started on http://localhost:8001
level info: Mar-19-2025 11:50:17 	mongoDb connected
level info: Mar-19-2025 11:50:27 	Server Started on http://localhost:8001
level info: Mar-19-2025 11:50:27 	mongoDb connected
level info: Mar-19-2025 11:50:51 	Server Started on http://localhost:8001
level info: Mar-19-2025 11:50:51 	mongoDb connected
level info: Mar-19-2025 11:51:10 	Server Started on http://localhost:8001
level info: Mar-19-2025 11:51:10 	mongoDb connected
level info: Mar-19-2025 11:52:55 	Server Started on http://localhost:8001
level info: Mar-19-2025 11:52:55 	mongoDb connected
level info: Mar-19-2025 12:09:00 	Server Started on http://localhost:8001
level info: Mar-19-2025 12:09:01 	mongoDb connected
level info: Mar-19-2025 12:42:45 	Server Started on http://localhost:8001
level info: Mar-19-2025 12:42:45 	mongoDb connected
level info: Mar-19-2025 12:43:31 	Server Started on http://localhost:8001
level info: Mar-19-2025 12:43:31 	mongoDb connected
level info: Mar-19-2025 12:44:38 	Server Started on http://localhost:8001
level info: Mar-19-2025 12:44:38 	mongoDb connected
level info: Mar-19-2025 12:45:14 	Server Started on http://localhost:8001
level info: Mar-19-2025 12:45:14 	mongoDb connected
level info: Mar-19-2025 12:45:42 	Server Started on http://localhost:8001
level info: Mar-19-2025 12:45:42 	mongoDb connected
level info: Mar-19-2025 12:46:18 	Server Started on http://localhost:8001
level info: Mar-19-2025 12:46:18 	mongoDb connected
level info: Mar-19-2025 12:46:47 	Server Started on http://localhost:8001
level info: Mar-19-2025 12:46:47 	mongoDb connected
level info: Mar-19-2025 12:47:13 	Server Started on http://localhost:8001
level info: Mar-19-2025 12:47:13 	mongoDb connected
level info: Mar-19-2025 13:59:21 	Server Started on http://localhost:8001
level info: Mar-19-2025 13:59:21 	mongoDb connected
level info: Mar-19-2025 14:00:16 	Server Started on http://localhost:8001
level info: Mar-19-2025 14:00:16 	mongoDb connected
level info: Mar-19-2025 14:01:44 	Server Started on http://localhost:8001
level info: Mar-19-2025 14:01:44 	mongoDb connected
level info: Mar-19-2025 14:02:47 	Server Started on http://localhost:8001
level info: Mar-19-2025 14:02:47 	mongoDb connected
level info: Mar-19-2025 14:04:22 	Server Started on http://localhost:8001
level info: Mar-19-2025 14:04:22 	mongoDb connected
level info: Mar-19-2025 14:05:29 	Server Started on http://localhost:8001
level info: Mar-19-2025 14:05:29 	mongoDb connected
level info: Mar-19-2025 14:14:20 	Server Started on http://localhost:8001
level info: Mar-19-2025 14:14:20 	mongoDb connected
level info: Mar-19-2025 14:50:17 	Server Started on http://localhost:8001
level info: Mar-19-2025 14:50:17 	mongoDb connected
level info: Mar-19-2025 14:52:54 	Server Started on http://localhost:8001
level info: Mar-19-2025 14:52:54 	mongoDb connected
level info: Mar-19-2025 15:07:29 	Server Started on http://localhost:8001
level info: Mar-19-2025 15:07:29 	mongoDb connected
level info: Mar-19-2025 15:09:27 	Server Started on http://localhost:8001
level info: Mar-19-2025 15:09:27 	mongoDb connected
level info: Mar-20-2025 11:43:10 	mongoDb connected
level info: Mar-20-2025 18:00:08 	Server Started on http://localhost:8001
level info: Mar-20-2025 18:00:08 	mongoDb connected
level info: Mar-20-2025 18:00:13 	Server Started on http://localhost:8001
level info: Mar-20-2025 18:00:14 	mongoDb connected
level info: Mar-20-2025 18:00:36 	Server Started on http://localhost:8001
level info: Mar-20-2025 18:00:36 	mongoDb connected
level info: Mar-20-2025 18:01:22 	Server Started on http://localhost:8001
level info: Mar-20-2025 18:01:22 	mongoDb connected
level info: Mar-20-2025 18:01:53 	Server Started on http://localhost:8001
level info: Mar-20-2025 18:01:53 	mongoDb connected
level info: Mar-20-2025 18:02:11 	Server Started on http://localhost:8001
level info: Mar-20-2025 18:02:11 	mongoDb connected
level info: Mar-20-2025 18:02:16 	Server Started on http://localhost:8001
level info: Mar-20-2025 18:02:16 	mongoDb connected
level info: Mar-20-2025 18:02:40 	Server Started on http://localhost:8001
level info: Mar-20-2025 18:02:40 	mongoDb connected
level info: Mar-20-2025 18:07:08 	Server Started on http://localhost:8001
level info: Mar-20-2025 18:07:08 	mongoDb connected
level info: Mar-20-2025 19:56:56 	Server Started on http://localhost:8001
level info: Mar-20-2025 19:56:56 	mongoDb connected
level info: Mar-21-2025 10:46:13 	Server Started on http://localhost:8001
level info: Mar-21-2025 10:46:13 	mongoDb connected
level info: Mar-22-2025 14:08:27 	Server Started on http://localhost:8001
level info: Mar-22-2025 14:08:27 	mongoDb connected
level info: Mar-22-2025 14:08:38 	Server Started on http://localhost:8001
level info: Mar-22-2025 14:08:38 	mongoDb connected
level info: Mar-22-2025 14:09:21 	Server Started on http://localhost:8001
level info: Mar-22-2025 14:09:21 	mongoDb connected
level info: Mar-22-2025 14:09:31 	Server Started on http://localhost:8001
level info: Mar-22-2025 14:09:31 	mongoDb connected
level info: Mar-22-2025 14:11:02 	Server Started on http://localhost:8001
level info: Mar-22-2025 14:11:02 	mongoDb connected
level info: Mar-22-2025 14:13:14 	Server Started on http://localhost:8001
level info: Mar-22-2025 14:13:14 	mongoDb connected
level info: Mar-22-2025 14:21:09 	Server Started on http://localhost:8001
level info: Mar-22-2025 14:21:09 	mongoDb connected
level info: Mar-22-2025 14:23:16 	Server Started on http://localhost:8001
level info: Mar-22-2025 14:23:16 	mongoDb connected
level info: Mar-22-2025 14:28:42 	Server Started on http://localhost:8001
level info: Mar-22-2025 14:28:42 	mongoDb connected
level info: Mar-22-2025 15:42:45 	mongoDb connected
level info: May-05-2025 10:41:41 	Server Started on http://localhost:8001
level info: May-05-2025 10:41:41 	mongoDb connected
level info: May-12-2025 14:14:27 	Server Started on http://localhost:8001
level info: May-12-2025 14:14:27 	mongoDb connected
level info: May-12-2025 14:15:05 	Server Started on http://localhost:8001
level info: May-12-2025 14:15:05 	mongoDb connected
level info: May-12-2025 16:00:56 	Server Started on http://localhost:8001
level info: May-12-2025 16:00:56 	mongoDb connected
level info: May-12-2025 16:01:14 	Server Started on http://localhost:8001
level info: May-12-2025 16:01:14 	mongoDb connected
level info: May-12-2025 16:01:53 	Server Started on http://localhost:8001
level info: May-12-2025 16:01:54 	mongoDb connected
level info: May-12-2025 16:02:03 	Server Started on http://localhost:8001
level info: May-12-2025 16:02:03 	mongoDb connected
level info: May-12-2025 16:03:41 	Server Started on http://localhost:8001
level info: May-12-2025 16:03:41 	mongoDb connected
level info: May-12-2025 16:03:56 	Server Started on http://localhost:8001
level info: May-12-2025 16:03:56 	mongoDb connected
level info: May-12-2025 16:04:06 	Server Started on http://localhost:8001
level info: May-12-2025 16:04:06 	mongoDb connected
level info: May-12-2025 16:04:28 	Server Started on http://localhost:8001
level info: May-12-2025 16:04:28 	mongoDb connected
level info: May-12-2025 16:09:52 	Server Started on http://localhost:8001
level info: May-12-2025 16:09:52 	mongoDb connected
level info: May-12-2025 16:12:01 	Server Started on http://localhost:8001
level info: May-12-2025 16:12:01 	mongoDb connected
level info: May-14-2025 18:18:13 	Server Started on http://localhost:8001
level info: May-14-2025 18:18:14 	mongoDb connected
level info: May-15-2025 13:22:43 	Server Started on http://localhost:8001
level info: May-15-2025 13:22:43 	mongoDb connected
level info: May-16-2025 10:17:38 	Server Started on http://localhost:8001
level info: May-16-2025 10:17:39 	mongoDb connected
level info: May-16-2025 12:01:35 	Server Started on http://localhost:8001
level info: May-16-2025 12:01:36 	mongoDb connected
level info: May-16-2025 12:32:53 	Server Started on http://localhost:8001
level info: May-16-2025 12:32:53 	mongoDb connected
level info: May-16-2025 12:36:18 	Server Started on http://localhost:8001
level info: May-16-2025 12:36:18 	mongoDb connected
level info: May-16-2025 12:37:49 	Server Started on http://localhost:8001
level info: May-16-2025 12:37:49 	mongoDb connected
level info: May-16-2025 12:58:32 	Server Started on http://localhost:8001
level info: May-16-2025 12:58:32 	mongoDb connected
level info: May-16-2025 12:59:24 	Server Started on http://localhost:8001
level info: May-16-2025 12:59:24 	mongoDb connected
level info: May-16-2025 12:59:30 	Server Started on http://localhost:8001
level info: May-16-2025 12:59:30 	mongoDb connected
level info: May-16-2025 13:11:46 	Server Started on http://localhost:8001
level info: May-16-2025 13:11:46 	mongoDb connected
level info: May-16-2025 13:14:57 	Server Started on http://localhost:8001
level info: May-16-2025 13:14:57 	mongoDb connected
level info: May-16-2025 15:20:26 	Server Started on http://localhost:8001
level info: May-16-2025 15:20:26 	mongoDb connected
level info: May-16-2025 15:21:26 	Server Started on http://localhost:8001
level info: May-16-2025 15:21:26 	mongoDb connected
level info: May-16-2025 15:22:55 	Server Started on http://localhost:8001
level info: May-16-2025 15:22:55 	mongoDb connected
level info: May-16-2025 15:24:05 	Server Started on http://localhost:8001
level info: May-16-2025 15:24:05 	mongoDb connected
level info: May-16-2025 15:29:57 	Server Started on http://localhost:8001
level info: May-16-2025 15:29:57 	mongoDb connected
level info: May-16-2025 15:31:30 	Server Started on http://localhost:8001
level info: May-16-2025 15:31:30 	mongoDb connected
level info: May-16-2025 15:32:00 	Server Started on http://localhost:8001
level info: May-16-2025 15:32:00 	mongoDb connected
level info: May-16-2025 15:32:10 	Server Started on http://localhost:8001
level info: May-16-2025 15:32:10 	mongoDb connected
level info: May-16-2025 15:35:17 	Server Started on http://localhost:8001
level info: May-16-2025 15:35:17 	mongoDb connected
level info: May-16-2025 15:38:07 	Server Started on http://localhost:8001
level info: May-16-2025 15:38:07 	mongoDb connected
level info: May-16-2025 15:40:32 	Server Started on http://localhost:8001
level info: May-16-2025 15:40:32 	mongoDb connected
level info: May-16-2025 15:42:38 	Server Started on http://localhost:8001
level info: May-16-2025 15:42:38 	mongoDb connected
level info: May-16-2025 15:47:45 	Server Started on http://localhost:8001
level info: May-16-2025 15:47:45 	mongoDb connected
level info: May-17-2025 13:19:42 	Server Started on http://localhost:8001
level info: May-17-2025 13:19:42 	mongoDb connected
level info: May-19-2025 18:58:59 	Server Started on http://localhost:8001
level info: May-19-2025 18:58:59 	mongoDb connected
level info: May-20-2025 13:23:19 	Server Started on http://localhost:8001
level info: May-20-2025 13:23:19 	mongoDb connected
level info: May-20-2025 16:33:07 	Server Started on http://localhost:8001
level info: May-20-2025 16:33:07 	mongoDb connected
level info: May-21-2025 16:20:23 	Server Started on http://localhost:8001
level info: May-21-2025 16:20:23 	mongoDb connected
level info: Jun-06-2025 17:13:17 	Server Started on http://localhost:8001
level info: Jun-06-2025 17:13:17 	mongoDb connected
level info: Jul-21-2025 14:57:21 	Server Started on http://localhost:8001
level info: Jul-21-2025 14:57:21 	mongoDb connected
level info: Jul-21-2025 17:39:10 	Server Started on http://localhost:8001
level info: Jul-21-2025 17:39:10 	mongoDb connected
level info: Jul-21-2025 17:46:45 	Server Started on http://localhost:8001
level info: Jul-21-2025 17:46:45 	mongoDb connected
level info: Jul-21-2025 17:50:52 	Server Started on http://localhost:8001
level info: Jul-21-2025 17:50:52 	mongoDb connected
level info: Jul-21-2025 17:56:51 	Server Started on http://localhost:8001
level info: Jul-21-2025 17:56:51 	mongoDb connected
level info: Jul-21-2025 17:57:00 	Server Started on http://localhost:8001
level info: Jul-21-2025 17:57:00 	mongoDb connected
level info: Jul-21-2025 17:57:31 	Server Started on http://localhost:8001
level info: Jul-21-2025 17:57:31 	mongoDb connected
level info: Jul-21-2025 18:35:51 	Server Started on http://localhost:8001
level info: Jul-21-2025 18:35:51 	mongoDb connected
level info: Jul-21-2025 19:07:16 	Server Started on http://localhost:8001
level info: Jul-21-2025 19:07:16 	mongoDb connected
level info: Jul-21-2025 19:34:32 	Server Started on http://localhost:8001
level info: Jul-21-2025 19:34:32 	mongoDb connected
level info: Jul-21-2025 19:43:35 	Server Started on http://localhost:8001
level info: Jul-21-2025 19:43:35 	mongoDb connected
level info: Jul-21-2025 19:44:21 	Server Started on http://localhost:8001
level info: Jul-21-2025 19:44:21 	mongoDb connected
level info: Jul-21-2025 19:44:28 	Server Started on http://localhost:8001
level info: Jul-21-2025 19:44:29 	mongoDb connected
level info: Jul-21-2025 19:45:58 	Server Started on http://localhost:8001
level info: Jul-21-2025 19:45:58 	mongoDb connected
level info: Jul-21-2025 19:47:44 	Server Started on http://localhost:8001
level info: Jul-21-2025 19:47:44 	mongoDb connected
level info: Jul-21-2025 19:49:47 	Server Started on http://localhost:8001
level info: Jul-21-2025 19:49:47 	mongoDb connected
level info: Jul-21-2025 19:51:26 	Server Started on http://localhost:8001
level info: Jul-21-2025 19:51:26 	mongoDb connected
level info: Jul-21-2025 19:55:16 	Server Started on http://localhost:8001
level info: Jul-21-2025 19:55:16 	mongoDb connected
level info: Jul-21-2025 19:55:20 	Server Started on http://localhost:8001
level info: Jul-21-2025 19:55:20 	mongoDb connected
level info: Jul-21-2025 19:56:41 	Server Started on http://localhost:8001
level info: Jul-21-2025 19:56:41 	mongoDb connected
level info: Jul-21-2025 20:05:03 	Server Started on http://localhost:8001
level info: Jul-21-2025 20:05:03 	mongoDb connected
level info: Jul-22-2025 15:04:00 	Server Started on http://localhost:8001
level info: Jul-22-2025 15:04:00 	mongoDb connected
level info: Jul-22-2025 15:04:09 	Server Started on http://localhost:8001
level info: Jul-22-2025 15:04:09 	mongoDb connected
level info: Jul-22-2025 15:04:47 	Server Started on http://localhost:8001
level info: Jul-22-2025 15:04:47 	mongoDb connected
level info: Jul-22-2025 15:04:55 	Server Started on http://localhost:8001
level info: Jul-22-2025 15:04:55 	mongoDb connected
level info: Jul-22-2025 15:23:42 	Server Started on http://localhost:8001
level info: Jul-22-2025 15:23:42 	mongoDb connected
level info: Jul-22-2025 15:54:49 	Server Started on http://localhost:8001
level info: Jul-22-2025 15:54:49 	mongoDb connected
level info: Jul-22-2025 15:56:18 	Server Started on http://localhost:8001
level info: Jul-22-2025 15:56:18 	mongoDb connected
level info: Jul-22-2025 15:58:58 	Server Started on http://localhost:8001
level info: Jul-22-2025 15:58:58 	mongoDb connected
level info: Jul-22-2025 16:01:41 	Server Started on http://localhost:8001
level info: Jul-22-2025 16:01:41 	mongoDb connected
level info: Jul-22-2025 16:08:43 	Server Started on http://localhost:8001
level info: Jul-22-2025 16:08:43 	mongoDb connected
level info: Jul-22-2025 16:10:52 	Server Started on http://localhost:8001
level info: Jul-22-2025 16:10:52 	mongoDb connected
level info: Jul-22-2025 16:18:29 	Server Started on http://localhost:8001
level info: Jul-22-2025 16:18:29 	mongoDb connected
level info: Jul-22-2025 16:18:42 	Server Started on http://localhost:8001
level info: Jul-22-2025 16:18:42 	mongoDb connected
level info: Jul-22-2025 16:41:46 	Server Started on http://localhost:8001
level info: Jul-22-2025 16:41:46 	mongoDb connected
level info: Jul-23-2025 11:15:20 	Server Started on http://localhost:8001
level info: Jul-23-2025 11:15:20 	mongoDb connected
level info: Jul-23-2025 11:15:28 	Server Started on http://localhost:8001
level info: Jul-23-2025 11:15:28 	mongoDb connected
level info: Jul-23-2025 11:16:14 	Server Started on http://localhost:8001
level info: Jul-23-2025 11:16:14 	mongoDb connected
level info: Jul-23-2025 11:16:21 	Server Started on http://localhost:8001
level info: Jul-23-2025 11:16:21 	mongoDb connected
level info: Jul-23-2025 12:31:09 	Server Started on http://localhost:8001
level info: Jul-23-2025 12:31:09 	mongoDb connected
level info: Jul-23-2025 12:35:01 	Server Started on http://localhost:8001
level info: Jul-23-2025 12:35:01 	mongoDb connected
level info: Jul-23-2025 12:35:32 	Server Started on http://localhost:8001
level info: Jul-23-2025 12:35:32 	mongoDb connected
level info: Jul-23-2025 12:44:49 	Server Started on http://localhost:8001
level info: Jul-23-2025 12:44:49 	mongoDb connected
level info: Jul-23-2025 12:46:43 	Server Started on http://localhost:8001
level info: Jul-23-2025 12:46:43 	mongoDb connected
level info: Jul-23-2025 13:30:14 	Server Started on http://localhost:8001
level info: Jul-23-2025 13:30:14 	mongoDb connected
level info: Jul-23-2025 13:31:33 	Server Started on http://localhost:8001
level info: Jul-23-2025 13:31:33 	mongoDb connected
level info: Jul-23-2025 13:41:04 	Server Started on http://localhost:8001
level info: Jul-23-2025 13:41:04 	mongoDb connected
level info: Jul-23-2025 13:57:28 	Server Started on http://localhost:8001
level info: Jul-23-2025 13:57:28 	mongoDb connected
level info: Jul-23-2025 14:05:40 	Server Started on http://localhost:8001
level info: Jul-23-2025 14:05:40 	mongoDb connected
level info: Jul-23-2025 14:21:22 	Server Started on http://localhost:8001
level info: Jul-23-2025 14:21:22 	mongoDb connected
level info: Jul-23-2025 14:22:18 	Server Started on http://localhost:8001
level info: Jul-23-2025 14:22:18 	mongoDb connected
level info: Jul-23-2025 15:01:27 	Server Started on http://localhost:8001
level info: Jul-23-2025 15:01:27 	mongoDb connected
level info: Jul-23-2025 15:03:44 	Server Started on http://localhost:8001
level info: Jul-23-2025 15:03:44 	mongoDb connected
